<?xml version="1.0" encoding="UTF-8"?>
<!DOCTYPE LexicalResource SYSTEM "http://globalwordnet.github.io/schemas/WN-LMF-1.3.dtd">

<LexicalResource>

</LexicalResource>
